生成启动时间为 2020-10-5 23:25:45。
     1>项目“D:\work\CPP\OpenGLExcercise01\OpenGLExcercise01.vcxproj”在节点 2 上(build 个目标)。
     1>InitializeBuildStatus:
         正在创建“Debug\OpenGLExcercise01.unsuccessfulbuild”，因为已指定“AlwaysCreate”。
       ClCompile:
         C:\Program Files (x86)\Microsoft Visual Studio 10.0\VC\bin\CL.exe /c /I"D:\OpenGL\glfw-3.3.2.bin.WIN32\include" /I"D:\OpenGL\glew-2.1.0\include" /ZI /nologo /W3 /WX- /Od /Oy- /D _MBCS /Gm /EHsc /RTC1 /MDd /GS /fp:precise /Zc:wchar_t /Zc:forScope /Fo"Debug\\" /Fd"Debug\vc100.pdb" /Gd /TP /analyze- /errorReport:prompt main.cpp
         main.cpp
       Link:
         C:\Program Files (x86)\Microsoft Visual Studio 10.0\VC\bin\link.exe /ERRORREPORT:PROMPT /OUT:"D:\work\CPP\OpenGLExcercise01\Debug\OpenGLExcercise01.exe" /NOLOGO /LIBPATH:"D:\OpenGL\glfw-3.3.2.bin.WIN32\lib-vc2010" /LIBPATH:"D:\OpenGL\glew-2.1.0\lib\Release\Win32" opengl32.lib glfw3.lib glew32s.lib kernel32.lib user32.lib gdi32.lib winspool.lib comdlg32.lib advapi32.lib shell32.lib ole32.lib oleaut32.lib uuid.lib odbc32.lib odbccp32.lib /MANIFEST /ManifestFile:"Debug\OpenGLExcercise01.exe.intermediate.manifest" /MANIFESTUAC:"level='asInvoker' uiAccess='false'" /DEBUG /PDB:"D:\work\CPP\OpenGLExcercise01\Debug\OpenGLExcercise01.pdb" /TLBID:1 /DYNAMICBASE /NXCOMPAT /IMPLIB:"D:\work\CPP\OpenGLExcercise01\Debug\OpenGLExcercise01.lib" /MACHINE:X86 Debug\main.obj
         LINK : 没有找到 D:\work\CPP\OpenGLExcercise01\Debug\OpenGLExcercise01.exe 或上一个增量链接没有生成它；正在执行完全链接
     1>LINK : warning LNK4098: 默认库“MSVCRT”与其他库的使用冲突；请使用 /NODEFAULTLIB:library
     1>LINK : warning LNK4098: 默认库“LIBCMT”与其他库的使用冲突；请使用 /NODEFAULTLIB:library
     1>glew32s.lib(glew.obj) : warning LNK4099: 未找到 PDB“vc120.pdb”(使用“glew32s.lib(glew.obj)”或在“D:\work\CPP\OpenGLExcercise01\Debug\vc120.pdb”中寻找)；正在链接对象，如同没有调试信息一样
         OpenGLExcercise01.vcxproj -> D:\work\CPP\OpenGLExcercise01\Debug\OpenGLExcercise01.exe
       Manifest:
         C:\Program Files (x86)\Microsoft SDKs\Windows\v7.0A\bin\mt.exe /nologo /verbose /outputresource:"D:\work\CPP\OpenGLExcercise01\Debug\OpenGLExcercise01.exe;#1" /manifest Debug\OpenGLExcercise01.exe.intermediate.manifest
       FinalizeBuildStatus:
         正在删除文件“Debug\OpenGLExcercise01.unsuccessfulbuild”。
         正在对“Debug\OpenGLExcercise01.lastbuildstate”执行 Touch 任务。
     1>已完成生成项目“D:\work\CPP\OpenGLExcercise01\OpenGLExcercise01.vcxproj”(build 个目标)的操作。

生成成功。

已用时间 00:00:01.40
